c:\users\dev\cppdev\opengl\2d\chessgame\pieces\build\bin\debug\pieces\pieces.pdb
c:\users\dev\cppdev\opengl\2d\chessgame\pieces\build\bin-int\debug\pieces\commondirections.obj
c:\users\dev\cppdev\opengl\2d\chessgame\pieces\build\bin-int\debug\pieces\board.obj
c:\users\dev\cppdev\opengl\2d\chessgame\pieces\build\bin-int\debug\pieces\bishop.obj
c:\users\dev\cppdev\opengl\2d\chessgame\pieces\build\bin-int\debug\pieces\rook.obj
c:\users\dev\cppdev\opengl\2d\chessgame\pieces\build\bin-int\debug\pieces\queen.obj
c:\users\dev\cppdev\opengl\2d\chessgame\pieces\build\bin-int\debug\pieces\piecebase.obj
c:\users\dev\cppdev\opengl\2d\chessgame\pieces\build\bin-int\debug\pieces\pawn.obj
c:\users\dev\cppdev\opengl\2d\chessgame\pieces\build\bin-int\debug\pieces\knight.obj
c:\users\dev\cppdev\opengl\2d\chessgame\pieces\build\bin-int\debug\pieces\king.obj
c:\users\dev\cppdev\opengl\2d\chessgame\pieces\build\bin-int\debug\pieces\pch.obj
c:\users\dev\cppdev\opengl\2d\chessgame\pieces\build\bin-int\debug\pieces\boardlayout.obj
c:\users\dev\cppdev\opengl\2d\chessgame\pieces\build\bin\debug\pieces\pieces.lib
c:\users\dev\cppdev\opengl\2d\chessgame\pieces\build\bin-int\debug\pieces\pieces.tlog\cl.command.1.tlog
c:\users\dev\cppdev\opengl\2d\chessgame\pieces\build\bin-int\debug\pieces\pieces.tlog\cl.items.tlog
c:\users\dev\cppdev\opengl\2d\chessgame\pieces\build\bin-int\debug\pieces\pieces.tlog\cl.read.1.tlog
c:\users\dev\cppdev\opengl\2d\chessgame\pieces\build\bin-int\debug\pieces\pieces.tlog\cl.write.1.tlog
c:\users\dev\cppdev\opengl\2d\chessgame\pieces\build\bin-int\debug\pieces\pieces.tlog\lib-link.read.1.tlog
c:\users\dev\cppdev\opengl\2d\chessgame\pieces\build\bin-int\debug\pieces\pieces.tlog\lib-link.write.1.tlog
c:\users\dev\cppdev\opengl\2d\chessgame\pieces\build\bin-int\debug\pieces\pieces.tlog\lib.command.1.tlog
