Game.lib(Game.obj) : error LNK2005: stbi_load_from_memory already defined in main.obj
Game.lib(Game.obj) : error LNK2005: stbi_load_from_callbacks already defined in main.obj
Game.lib(Game.obj) : error LNK2005: stbi_load already defined in main.obj
Game.lib(Game.obj) : error LNK2005: stbi_load_from_file already defined in main.obj
Game.lib(Game.obj) : error LNK2005: stbi_load_gif_from_memory already defined in main.obj
Game.lib(Game.obj) : error LNK2005: stbi_load_16_from_memory already defined in main.obj
Game.lib(Game.obj) : error LNK2005: stbi_load_16_from_callbacks already defined in main.obj
Game.lib(Game.obj) : error LNK2005: stbi_load_16 already defined in main.obj
Game.lib(Game.obj) : error LNK2005: stbi_load_from_file_16 already defined in main.obj
Game.lib(Game.obj) : error LNK2005: stbi_loadf_from_memory already defined in main.obj
Game.lib(Game.obj) : error LNK2005: stbi_loadf_from_callbacks already defined in main.obj
Game.lib(Game.obj) : error LNK2005: stbi_loadf already defined in main.obj
Game.lib(Game.obj) : error LNK2005: stbi_loadf_from_file already defined in main.obj
Game.lib(Game.obj) : error LNK2005: stbi_hdr_to_ldr_gamma already defined in main.obj
Game.lib(Game.obj) : error LNK2005: stbi_hdr_to_ldr_scale already defined in main.obj
Game.lib(Game.obj) : error LNK2005: stbi_ldr_to_hdr_gamma already defined in main.obj
Game.lib(Game.obj) : error LNK2005: stbi_ldr_to_hdr_scale already defined in main.obj
Game.lib(Game.obj) : error LNK2005: stbi_is_hdr_from_callbacks already defined in main.obj
Game.lib(Game.obj) : error LNK2005: stbi_is_hdr_from_memory already defined in main.obj
Game.lib(Game.obj) : error LNK2005: stbi_is_hdr already defined in main.obj
Game.lib(Game.obj) : error LNK2005: stbi_is_hdr_from_file already defined in main.obj
Game.lib(Game.obj) : error LNK2005: stbi_failure_reason already defined in main.obj
Game.lib(Game.obj) : error LNK2005: stbi_image_free already defined in main.obj
Game.lib(Game.obj) : error LNK2005: stbi_info_from_memory already defined in main.obj
Game.lib(Game.obj) : error LNK2005: stbi_info_from_callbacks already defined in main.obj
Game.lib(Game.obj) : error LNK2005: stbi_is_16_bit_from_memory already defined in main.obj
Game.lib(Game.obj) : error LNK2005: stbi_is_16_bit_from_callbacks already defined in main.obj
Game.lib(Game.obj) : error LNK2005: stbi_info already defined in main.obj
Game.lib(Game.obj) : error LNK2005: stbi_info_from_file already defined in main.obj
Game.lib(Game.obj) : error LNK2005: stbi_is_16_bit already defined in main.obj
Game.lib(Game.obj) : error LNK2005: stbi_is_16_bit_from_file already defined in main.obj
Game.lib(Game.obj) : error LNK2005: stbi_set_unpremultiply_on_load already defined in main.obj
Game.lib(Game.obj) : error LNK2005: stbi_convert_iphone_png_to_rgb already defined in main.obj
Game.lib(Game.obj) : error LNK2005: stbi_set_flip_vertically_on_load already defined in main.obj
Game.lib(Game.obj) : error LNK2005: stbi_set_unpremultiply_on_load_thread already defined in main.obj
Game.lib(Game.obj) : error LNK2005: stbi_convert_iphone_png_to_rgb_thread already defined in main.obj
Game.lib(Game.obj) : error LNK2005: stbi_set_flip_vertically_on_load_thread already defined in main.obj
Game.lib(Game.obj) : error LNK2005: stbi_zlib_decode_malloc_guesssize already defined in main.obj
Game.lib(Game.obj) : error LNK2005: stbi_zlib_decode_malloc_guesssize_headerflag already defined in main.obj
Game.lib(Game.obj) : error LNK2005: stbi_zlib_decode_malloc already defined in main.obj
Game.lib(Game.obj) : error LNK2005: stbi_zlib_decode_buffer already defined in main.obj
Game.lib(Game.obj) : error LNK2005: stbi_zlib_decode_noheader_malloc already defined in main.obj
Game.lib(Game.obj) : error LNK2005: stbi_zlib_decode_noheader_buffer already defined in main.obj
Graphics.lib(Texture.obj) : error LNK2005: stbi_load_from_memory already defined in main.obj
Graphics.lib(Texture.obj) : error LNK2005: stbi_load_from_callbacks already defined in main.obj
Graphics.lib(Texture.obj) : error LNK2005: stbi_load already defined in main.obj
Graphics.lib(Texture.obj) : error LNK2005: stbi_load_from_file already defined in main.obj
Graphics.lib(Texture.obj) : error LNK2005: stbi_load_gif_from_memory already defined in main.obj
Graphics.lib(Texture.obj) : error LNK2005: stbi_load_16_from_memory already defined in main.obj
Graphics.lib(Texture.obj) : error LNK2005: stbi_load_16_from_callbacks already defined in main.obj
Graphics.lib(Texture.obj) : error LNK2005: stbi_load_16 already defined in main.obj
Graphics.lib(Texture.obj) : error LNK2005: stbi_load_from_file_16 already defined in main.obj
Graphics.lib(Texture.obj) : error LNK2005: stbi_loadf_from_memory already defined in main.obj
Graphics.lib(Texture.obj) : error LNK2005: stbi_loadf_from_callbacks already defined in main.obj
Graphics.lib(Texture.obj) : error LNK2005: stbi_loadf already defined in main.obj
Graphics.lib(Texture.obj) : error LNK2005: stbi_loadf_from_file already defined in main.obj
Graphics.lib(Texture.obj) : error LNK2005: stbi_hdr_to_ldr_gamma already defined in main.obj
Graphics.lib(Texture.obj) : error LNK2005: stbi_hdr_to_ldr_scale already defined in main.obj
Graphics.lib(Texture.obj) : error LNK2005: stbi_ldr_to_hdr_gamma already defined in main.obj
Graphics.lib(Texture.obj) : error LNK2005: stbi_ldr_to_hdr_scale already defined in main.obj
Graphics.lib(Texture.obj) : error LNK2005: stbi_is_hdr_from_callbacks already defined in main.obj
Graphics.lib(Texture.obj) : error LNK2005: stbi_is_hdr_from_memory already defined in main.obj
Graphics.lib(Texture.obj) : error LNK2005: stbi_is_hdr already defined in main.obj
Graphics.lib(Texture.obj) : error LNK2005: stbi_is_hdr_from_file already defined in main.obj
Graphics.lib(Texture.obj) : error LNK2005: stbi_failure_reason already defined in main.obj
Graphics.lib(Texture.obj) : error LNK2005: stbi_image_free already defined in main.obj
Graphics.lib(Texture.obj) : error LNK2005: stbi_info_from_memory already defined in main.obj
Graphics.lib(Texture.obj) : error LNK2005: stbi_info_from_callbacks already defined in main.obj
Graphics.lib(Texture.obj) : error LNK2005: stbi_is_16_bit_from_memory already defined in main.obj
Graphics.lib(Texture.obj) : error LNK2005: stbi_is_16_bit_from_callbacks already defined in main.obj
Graphics.lib(Texture.obj) : error LNK2005: stbi_info already defined in main.obj
Graphics.lib(Texture.obj) : error LNK2005: stbi_info_from_file already defined in main.obj
Graphics.lib(Texture.obj) : error LNK2005: stbi_is_16_bit already defined in main.obj
Graphics.lib(Texture.obj) : error LNK2005: stbi_is_16_bit_from_file already defined in main.obj
Graphics.lib(Texture.obj) : error LNK2005: stbi_set_unpremultiply_on_load already defined in main.obj
Graphics.lib(Texture.obj) : error LNK2005: stbi_convert_iphone_png_to_rgb already defined in main.obj
Graphics.lib(Texture.obj) : error LNK2005: stbi_set_flip_vertically_on_load already defined in main.obj
Graphics.lib(Texture.obj) : error LNK2005: stbi_set_unpremultiply_on_load_thread already defined in main.obj
Graphics.lib(Texture.obj) : error LNK2005: stbi_convert_iphone_png_to_rgb_thread already defined in main.obj
Graphics.lib(Texture.obj) : error LNK2005: stbi_set_flip_vertically_on_load_thread already defined in main.obj
Graphics.lib(Texture.obj) : error LNK2005: stbi_zlib_decode_malloc_guesssize already defined in main.obj
Graphics.lib(Texture.obj) : error LNK2005: stbi_zlib_decode_malloc_guesssize_headerflag already defined in main.obj
Graphics.lib(Texture.obj) : error LNK2005: stbi_zlib_decode_malloc already defined in main.obj
Graphics.lib(Texture.obj) : error LNK2005: stbi_zlib_decode_buffer already defined in main.obj
Graphics.lib(Texture.obj) : error LNK2005: stbi_zlib_decode_noheader_malloc already defined in main.obj
Graphics.lib(Texture.obj) : error LNK2005: stbi_zlib_decode_noheader_buffer already defined in main.obj
Game.lib(Game.obj) : error LNK2019: unresolved external symbol __imp_glClear referenced in function "public: void __cdecl Game::RunGame(class std::basic_string<char,struct std::char_traits<char>,class std::allocator<char> > const &)" (?RunGame@Game@@QEAAXAEBV?$basic_string@DU?$char_traits@D@std@@V?$allocator@D@2@@std@@@Z)
Game.lib(Game.obj) : error LNK2019: unresolved external symbol __imp_glClearColor referenced in function "public: void __cdecl Game::RunGame(class std::basic_string<char,struct std::char_traits<char>,class std::allocator<char> > const &)" (?RunGame@Game@@QEAAXAEBV?$basic_string@DU?$char_traits@D@std@@V?$allocator@D@2@@std@@@Z)
Game.lib(Game.obj) : error LNK2019: unresolved external symbol __imp___glewUniformMatrix4fv referenced in function "public: void __cdecl Game::RunGame(class std::basic_string<char,struct std::char_traits<char>,class std::allocator<char> > const &)" (?RunGame@Game@@QEAAXAEBV?$basic_string@DU?$char_traits@D@std@@V?$allocator@D@2@@std@@@Z)
Graphics.lib(GraphicsHandlerAPI.obj) : error LNK2019: unresolved external symbol __imp_glEnable referenced in function "public: static bool __cdecl GraphicsHandlerAPI::InitalizeAPIS(void)" (?InitalizeAPIS@GraphicsHandlerAPI@@SA_NXZ)
Graphics.lib(GraphicsHandlerAPI.obj) : error LNK2019: unresolved external symbol __imp_glewInit referenced in function "public: static bool __cdecl GraphicsHandlerAPI::InitalizeAPIS(void)" (?InitalizeAPIS@GraphicsHandlerAPI@@SA_NXZ)
Graphics.lib(GraphicsHandlerAPI.obj) : error LNK2019: unresolved external symbol __imp_glewGetErrorString referenced in function "public: static bool __cdecl GraphicsHandlerAPI::InitalizeAPIS(void)" (?InitalizeAPIS@GraphicsHandlerAPI@@SA_NXZ)
Graphics.lib(GraphicsHandlerAPI.obj) : error LNK2019: unresolved external symbol __imp_glewExperimental referenced in function "public: static bool __cdecl GraphicsHandlerAPI::InitalizeAPIS(void)" (?InitalizeAPIS@GraphicsHandlerAPI@@SA_NXZ)
Graphics.lib(GraphicsHandlerAPI.obj) : error LNK2001: unresolved external symbol "private: static class std::vector<struct GLFWwindow *,class std::allocator<struct GLFWwindow *> > GraphicsHandlerAPI::windows" (?windows@GraphicsHandlerAPI@@0V?$vector@PEAUGLFWwindow@@V?$allocator@PEAUGLFWwindow@@@std@@@std@@A)
Graphics.lib(Window.obj) : error LNK2019: unresolved external symbol __imp_glViewport referenced in function "private: bool __cdecl Window::CreateWindow(class std::basic_string<char,struct std::char_traits<char>,class std::allocator<char> >)" (?CreateWindow@Window@@AEAA_NV?$basic_string@DU?$char_traits@D@std@@V?$allocator@D@2@@std@@@Z)
Graphics.lib(Mesh.obj) : error LNK2019: unresolved external symbol __imp_glDrawElements referenced in function "public: void __cdecl Mesh::RenderMesh(void)" (?RenderMesh@Mesh@@QEAAXXZ)
Graphics.lib(Mesh.obj) : error LNK2019: unresolved external symbol __imp___glewBindBuffer referenced in function "public: void __cdecl Mesh::Initalize(float *,unsigned int *,unsigned int,unsigned int,bool,bool)" (?Initalize@Mesh@@QEAAXPEAMPEAIII_N2@Z)
Graphics.lib(Mesh.obj) : error LNK2019: unresolved external symbol __imp___glewBufferData referenced in function "public: void __cdecl Mesh::Initalize(float *,unsigned int *,unsigned int,unsigned int,bool,bool)" (?Initalize@Mesh@@QEAAXPEAMPEAIII_N2@Z)
Graphics.lib(Mesh.obj) : error LNK2019: unresolved external symbol __imp___glewDeleteBuffers referenced in function "public: void __cdecl Mesh::ClearMesh(void)" (?ClearMesh@Mesh@@QEAAXXZ)
Graphics.lib(Mesh.obj) : error LNK2019: unresolved external symbol __imp___glewGenBuffers referenced in function "public: void __cdecl Mesh::Initalize(float *,unsigned int *,unsigned int,unsigned int,bool,bool)" (?Initalize@Mesh@@QEAAXPEAMPEAIII_N2@Z)
Graphics.lib(Mesh.obj) : error LNK2019: unresolved external symbol __imp___glewEnableVertexAttribArray referenced in function "public: void __cdecl Mesh::Initalize(float *,unsigned int *,unsigned int,unsigned int,bool,bool)" (?Initalize@Mesh@@QEAAXPEAMPEAIII_N2@Z)
Graphics.lib(Mesh.obj) : error LNK2019: unresolved external symbol __imp___glewVertexAttribPointer referenced in function "public: void __cdecl Mesh::Initalize(float *,unsigned int *,unsigned int,unsigned int,bool,bool)" (?Initalize@Mesh@@QEAAXPEAMPEAIII_N2@Z)
Graphics.lib(Mesh.obj) : error LNK2019: unresolved external symbol __imp___glewBindVertexArray referenced in function "public: void __cdecl Mesh::Initalize(float *,unsigned int *,unsigned int,unsigned int,bool,bool)" (?Initalize@Mesh@@QEAAXPEAMPEAIII_N2@Z)
Graphics.lib(Mesh.obj) : error LNK2019: unresolved external symbol __imp___glewDeleteVertexArrays referenced in function "public: void __cdecl Mesh::ClearMesh(void)" (?ClearMesh@Mesh@@QEAAXXZ)
Graphics.lib(Mesh.obj) : error LNK2019: unresolved external symbol __imp___glewGenVertexArrays referenced in function "public: void __cdecl Mesh::Initalize(float *,unsigned int *,unsigned int,unsigned int,bool,bool)" (?Initalize@Mesh@@QEAAXPEAMPEAIII_N2@Z)
Graphics.lib(Shaders.obj) : error LNK2019: unresolved external symbol __imp___glewAttachShader referenced in function "private: void __cdecl Shader::AddShader(unsigned int,char const *,unsigned int)" (?AddShader@Shader@@AEAAXIPEBDI@Z)
Graphics.lib(Shaders.obj) : error LNK2019: unresolved external symbol __imp___glewCompileShader referenced in function "private: void __cdecl Shader::AddShader(unsigned int,char const *,unsigned int)" (?AddShader@Shader@@AEAAXIPEBDI@Z)
Graphics.lib(Shaders.obj) : error LNK2019: unresolved external symbol __imp___glewCreateProgram referenced in function "private: void __cdecl Shader::CompileShader(char const *,char const *)" (?CompileShader@Shader@@AEAAXPEBD0@Z)
Graphics.lib(Shaders.obj) : error LNK2019: unresolved external symbol __imp___glewCreateShader referenced in function "private: void __cdecl Shader::AddShader(unsigned int,char const *,unsigned int)" (?AddShader@Shader@@AEAAXIPEBDI@Z)
Graphics.lib(Shaders.obj) : error LNK2019: unresolved external symbol __imp___glewDeleteProgram referenced in function "public: void __cdecl Shader::ClearShader(void)" (?ClearShader@Shader@@QEAAXXZ)
Graphics.lib(Shaders.obj) : error LNK2019: unresolved external symbol __imp___glewGetProgramInfoLog referenced in function "private: void __cdecl Shader::CompileShader(char const *,char const *)" (?CompileShader@Shader@@AEAAXPEBD0@Z)
Graphics.lib(Shaders.obj) : error LNK2019: unresolved external symbol __imp___glewGetProgramiv referenced in function "private: void __cdecl Shader::CompileShader(char const *,char const *)" (?CompileShader@Shader@@AEAAXPEBD0@Z)
Graphics.lib(Shaders.obj) : error LNK2019: unresolved external symbol __imp___glewGetShaderInfoLog referenced in function "private: void __cdecl Shader::AddShader(unsigned int,char const *,unsigned int)" (?AddShader@Shader@@AEAAXIPEBDI@Z)
Graphics.lib(Shaders.obj) : error LNK2019: unresolved external symbol __imp___glewGetShaderiv referenced in function "private: void __cdecl Shader::AddShader(unsigned int,char const *,unsigned int)" (?AddShader@Shader@@AEAAXIPEBDI@Z)
Graphics.lib(Shaders.obj) : error LNK2019: unresolved external symbol __imp___glewGetUniformLocation referenced in function "private: void __cdecl Shader::CompileShader(char const *,char const *)" (?CompileShader@Shader@@AEAAXPEBD0@Z)
Graphics.lib(Shaders.obj) : error LNK2019: unresolved external symbol __imp___glewLinkProgram referenced in function "private: void __cdecl Shader::CompileShader(char const *,char const *)" (?CompileShader@Shader@@AEAAXPEBD0@Z)
Graphics.lib(Shaders.obj) : error LNK2019: unresolved external symbol __imp___glewShaderSource referenced in function "private: void __cdecl Shader::AddShader(unsigned int,char const *,unsigned int)" (?AddShader@Shader@@AEAAXIPEBDI@Z)
Graphics.lib(Shaders.obj) : error LNK2019: unresolved external symbol __imp___glewUseProgram referenced in function "public: void __cdecl Shader::UseShader(void)" (?UseShader@Shader@@QEAAXXZ)
Graphics.lib(Shaders.obj) : error LNK2019: unresolved external symbol __imp___glewValidateProgram referenced in function "private: void __cdecl Shader::CompileShader(char const *,char const *)" (?CompileShader@Shader@@AEAAXPEBD0@Z)
Graphics.lib(Texture.obj) : error LNK2019: unresolved external symbol __imp_glBindTexture referenced in function "public: bool __cdecl Texture::LoadTexture(void)" (?LoadTexture@Texture@@QEAA_NXZ)
Graphics.lib(Texture.obj) : error LNK2019: unresolved external symbol __imp_glDeleteTextures referenced in function "public: void __cdecl Texture::ClearTexture(void)" (?ClearTexture@Texture@@QEAAXXZ)
Graphics.lib(Texture.obj) : error LNK2019: unresolved external symbol __imp_glGenTextures referenced in function "public: bool __cdecl Texture::LoadTexture(void)" (?LoadTexture@Texture@@QEAA_NXZ)
Graphics.lib(Texture.obj) : error LNK2019: unresolved external symbol __imp_glTexImage2D referenced in function "public: bool __cdecl Texture::LoadTexture(void)" (?LoadTexture@Texture@@QEAA_NXZ)
Graphics.lib(Texture.obj) : error LNK2019: unresolved external symbol __imp_glTexParameteri referenced in function "public: bool __cdecl Texture::LoadTexture(void)" (?LoadTexture@Texture@@QEAA_NXZ)
Graphics.lib(Texture.obj) : error LNK2019: unresolved external symbol __imp___glewActiveTexture referenced in function "public: void __cdecl Texture::UseTexture(unsigned int,unsigned int)" (?UseTexture@Texture@@QEAAXII@Z)
Graphics.lib(Texture.obj) : error LNK2019: unresolved external symbol __imp___glewUniform1i referenced in function "public: void __cdecl Texture::UseTexture(unsigned int,unsigned int)" (?UseTexture@Texture@@QEAAXII@Z)
Graphics.lib(Texture.obj) : error LNK2019: unresolved external symbol __imp___glewGenerateMipmap referenced in function "public: bool __cdecl Texture::LoadTexture(void)" (?LoadTexture@Texture@@QEAA_NXZ)
Pieces.lib(BoardLayout.obj) : error LNK2001: unresolved external symbol "protected: static class std::array<class std::array<enum Colors,8>,8> BoardLayout::currentStateColors" (?currentStateColors@BoardLayout@@1V?$array@V?$array@W4Colors@@$07@std@@$07@std@@A)
Pieces.lib(PieceBase.obj) : error LNK2001: unresolved external symbol "protected: static class std::array<class std::array<enum Colors,8>,8> BoardLayout::currentStateColors" (?currentStateColors@BoardLayout@@1V?$array@V?$array@W4Colors@@$07@std@@$07@std@@A)
Pieces.lib(Board.obj) : error LNK2001: unresolved external symbol "protected: static class std::array<class std::array<enum Colors,8>,8> BoardLayout::currentStateColors" (?currentStateColors@BoardLayout@@1V?$array@V?$array@W4Colors@@$07@std@@$07@std@@A)
Pieces.lib(BoardLayout.obj) : error LNK2001: unresolved external symbol "protected: static class std::array<class std::array<enum Pieces,8>,8> BoardLayout::currentStatePieces" (?currentStatePieces@BoardLayout@@1V?$array@V?$array@W4Pieces@@$07@std@@$07@std@@A)
Pieces.lib(PieceBase.obj) : error LNK2001: unresolved external symbol "protected: static class std::array<class std::array<enum Pieces,8>,8> BoardLayout::currentStatePieces" (?currentStatePieces@BoardLayout@@1V?$array@V?$array@W4Pieces@@$07@std@@$07@std@@A)
Pieces.lib(Board.obj) : error LNK2001: unresolved external symbol "protected: static class std::array<class std::array<enum Pieces,8>,8> BoardLayout::currentStatePieces" (?currentStatePieces@BoardLayout@@1V?$array@V?$array@W4Pieces@@$07@std@@$07@std@@A)
Pieces.lib(PieceBase.obj) : error LNK2001: unresolved external symbol "protected: static unsigned int PieceBase::xPosOfKing" (?xPosOfKing@PieceBase@@1IA)
Pieces.lib(King.obj) : error LNK2001: unresolved external symbol "protected: static unsigned int PieceBase::xPosOfKing" (?xPosOfKing@PieceBase@@1IA)
Pieces.lib(PieceBase.obj) : error LNK2001: unresolved external symbol "protected: static unsigned int PieceBase::yPosOfKing" (?yPosOfKing@PieceBase@@1IA)
Pieces.lib(King.obj) : error LNK2001: unresolved external symbol "protected: static unsigned int PieceBase::yPosOfKing" (?yPosOfKing@PieceBase@@1IA)
Pieces.lib(Board.obj) : error LNK2019: unresolved external symbol __imp___glewUniform3f referenced in function "public: void __cdecl Board::UseSquareColor(float,float)" (?UseSquareColor@Board@@QEAAXMM@Z)
Build\bin\Debug\Main\Main.exe : fatal error LNK1120: 46 unresolved externals
